<?xml version="1.0" encoding="UTF-8"?>
<!-- Generated by org.testng.reporters.JUnitReportReporter -->
<testsuite skipped="0" hostname="Anups-MacBook-Pro.local" name="TestCases.UpdateEmployeeTest" tests="1" failures="0" timestamp="14 Sep 2019 14:17:58 GMT" time="0.746" errors="0">
  <testcase name="UpdateEmployee" time="0.746" classname="TestCases.UpdateEmployeeTest"/>
</testsuite> <!-- TestCases.UpdateEmployeeTest -->
