<?xml version="1.0" encoding="UTF-8"?>
<!-- Generated by org.testng.reporters.JUnitReportReporter -->
<testsuite skipped="0" hostname="Anups-MacBook-Pro.local" name="TestCases.CreateNewEmployeeTest" tests="1" failures="0" timestamp="04 Aug 2019 13:46:07 GMT" time="2.823" errors="0">
  <testcase name="CreateEmployee" time="2.823" classname="TestCases.CreateNewEmployeeTest"/>
</testsuite> <!-- TestCases.CreateNewEmployeeTest -->
