<?xml version="1.0" encoding="UTF-8"?>
<!-- Generated by org.testng.reporters.JUnitReportReporter -->
<testsuite skipped="0" hostname="Anups-MacBook-Pro.local" name="TestCases.GetSingleEmployeeTest" tests="1" failures="0" timestamp="14 Sep 2019 14:18:13 GMT" time="1.613" errors="0">
  <testcase name="getEmployeeDetails" time="1.613" classname="TestCases.GetSingleEmployeeTest"/>
</testsuite> <!-- TestCases.GetSingleEmployeeTest -->
