<?xml version="1.0" encoding="UTF-8"?>
<!-- Generated by org.testng.reporters.JUnitReportReporter -->
<testsuite skipped="0" hostname="Anups-MacBook-Pro.local" name="TestCases.DeleteEmployeeTest" tests="1" failures="0" timestamp="14 Sep 2019 14:18:03 GMT" time="1.487" errors="0">
  <testcase name="deleteEmployee" time="1.487" classname="TestCases.DeleteEmployeeTest"/>
</testsuite> <!-- TestCases.DeleteEmployeeTest -->
