<?xml version="1.0" encoding="UTF-8"?>
<!-- Generated by org.testng.reporters.JUnitReportReporter -->
<testsuite skipped="0" hostname="Anups-MacBook-Pro.local" name="TestCases.GetAll_Employees_Test" tests="1" failures="0" timestamp="14 Sep 2019 14:18:08 GMT" time="0.754" errors="0">
  <testcase name="getAllEmployeeData" time="0.754" classname="TestCases.GetAll_Employees_Test"/>
</testsuite> <!-- TestCases.GetAll_Employees_Test -->
