<?xml version="1.0" encoding="UTF-8"?>
<!-- Generated by org.testng.reporters.JUnitReportReporter -->
<testsuite skipped="0" hostname="Anups-MacBook-Pro.local" name="TestCases.GetAll_Employees_Test" tests="1" failures="0" timestamp="04 Aug 2019 13:46:17 GMT" time="9.473" errors="0">
  <testcase name="getAllEmployeeData" time="9.473" classname="TestCases.GetAll_Employees_Test"/>
</testsuite> <!-- TestCases.GetAll_Employees_Test -->
