<?xml version="1.0" encoding="UTF-8"?>
<!-- Generated by org.testng.reporters.JUnitReportReporter -->
<testsuite skipped="0" hostname="Anups-MacBook-Pro.local" name="TestCases.UpdateEmployeeTest" tests="1" failures="0" timestamp="04 Aug 2019 13:46:02 GMT" time="0.749" errors="0">
  <testcase name="UpdateEmployee" time="0.749" classname="TestCases.UpdateEmployeeTest"/>
</testsuite> <!-- TestCases.UpdateEmployeeTest -->
