<?xml version="1.0" encoding="UTF-8"?>
<!-- Generated by org.testng.reporters.JUnitReportReporter -->
<testsuite skipped="0" hostname="Anups-MacBook-Pro.local" name="TestCases.GetSingleEmployeeTest" tests="1" failures="0" timestamp="04 Aug 2019 13:45:57 GMT" time="0.836" errors="0">
  <testcase name="getEmployeeDetails" time="0.836" classname="TestCases.GetSingleEmployeeTest"/>
</testsuite> <!-- TestCases.GetSingleEmployeeTest -->
